"../../../Engine/Content/BasicShapes/BasicShapeMaterial.uasset" 0
"../../../Engine/Content/Functions/Engine_MaterialFunctions01/Opacity/CameraDepthFade.uasset" 1
"../../../Engine/Content/EngineMaterials/T_Default_Material_Grid_M.uasset" 2
"../../../Engine/Content/EngineMaterials/T_Default_Material_Grid_N.uasset" 3
"../../../Engine/Content/EngineMaterials/DefaultMaterial.uasset" 4
"../../../Engine/Content/BasicShapes/Sphere.uasset" 5
"../../../../../MultiplayerGame/Content/SimpleStuff.uasset" 6
"../../../../../MultiplayerGame/Content/AnimStarterPack/UE4_Mannequin/Mesh/UE4_Mannequin_Skeleton.uasset" 7
"../../../../../MultiplayerGame/Content/AnimStarterPack/Aim_Space_Hip.uasset" 8
"../../../../../MultiplayerGame/Content/AnimStarterPack/Aim_Space_Ironsights.uasset" 9
"../../../../../MultiplayerGame/Content/AnimStarterPack/Crouch_to_Stand_Rifle_Hip.uasset" 10
"../../../../../MultiplayerGame/Content/AnimStarterPack/Crouch_to_Stand_Rifle_Ironsights.uasset" 11
"../../../../../MultiplayerGame/Content/AnimStarterPack/Death_2.uasset" 12
"../../../../../MultiplayerGame/Content/AnimStarterPack/Death_3.uasset" 13
"../../../../../MultiplayerGame/Content/AnimStarterPack/Death_Ironsights_1.uasset" 14
"../../../../../MultiplayerGame/Content/AnimStarterPack/Death_Ironsights_2.uasset" 15
"../../../../../MultiplayerGame/Content/AnimStarterPack/Equip_Rifle_Standing.uasset" 16
"../../../../../MultiplayerGame/Content/AnimStarterPack/Fire_Rifle_Hip.uasset" 17
"../../../../../MultiplayerGame/Content/AnimStarterPack/Fire_Shotgun_Hip.uasset" 18
"../../../../../MultiplayerGame/Content/AnimStarterPack/Fire_Shotgun_Ironsights.uasset" 19
"../../../../../MultiplayerGame/Content/AnimStarterPack/Hit_React_4.uasset" 20
"../../../../../MultiplayerGame/Content/AnimStarterPack/Idle_Pistol.uasset" 21
"../../../../../MultiplayerGame/Content/AnimStarterPack/Prone_Death_1.uasset" 22
"../../../../../MultiplayerGame/Content/AnimStarterPack/Prone_Death_2.uasset" 23
"../../../../../MultiplayerGame/Content/AnimStarterPack/Prone_Fire_1.uasset" 24
"../../../../../MultiplayerGame/Content/AnimStarterPack/Prone_Fire_2.uasset" 25
"../../../../../MultiplayerGame/Content/AnimStarterPack/Prone_Reload_Rifle.uasset" 26
"../../../../../MultiplayerGame/Content/AnimStarterPack/Prone_Reload_Shotgun.uasset" 27
"../../../../../MultiplayerGame/Content/AnimStarterPack/Reload_Pistol.uasset" 28
"../../../../../MultiplayerGame/Content/AnimStarterPack/Reload_Rifle_Ironsights.uasset" 29
"../../../../../MultiplayerGame/Content/AnimStarterPack/Reload_Shotgun_Hip.uasset" 30
"../../../../../MultiplayerGame/Content/AnimStarterPack/Reload_Shotgun_Ironsights.uasset" 31
"../../../../../MultiplayerGame/Content/AnimStarterPack/Sprint_Fwd_Rifle.uasset" 32
"../../../../../MultiplayerGame/Content/AnimStarterPack/Stand_to_Crouch_Rifle_Hip.uasset" 33
"../../../../../MultiplayerGame/Content/AnimStarterPack/Stand_to_Crouch_Rifle_Ironsights.uasset" 34
"../../../../../MultiplayerGame/Content/Effects/ForceFeedback/FFE_Damaged.uasset" 35
"../../../../../MultiplayerGame/Content/Effects/ForceFeedback/FFE_Fire.uasset" 36
"../../../../../MultiplayerGame/Content/Effects/ForceFeedback/FFE_Killed.uasset" 37
"../../../Engine/Content/MaterialTemplates/Textures/T_Noise01.uasset" 38
"../../../../../MultiplayerGame/Content/Effects/Materials/Air/M_light_shaft.uasset" 39
"../../../../../MultiplayerGame/Content/Effects/Materials/Air/M_light_shaft_Inst.uasset" 40
"../../../../../MultiplayerGame/Content/Effects/Textures/Water/distortion_01.uasset" 41
"../../../../../MultiplayerGame/Content/Effects/Textures/Weapon/T_bullet_hole_2.uasset" 42
"../../../../../MultiplayerGame/Content/Effects/Materials/Weapon/M_Impact_Decal.uasset" 43
"../../../../../MultiplayerGame/Content/Effects/Materials/Ramp/M_radial_ramp_soft.uasset" 44
"../../../../../MultiplayerGame/Content/Effects/Textures/Water/T_Steam_subUV.uasset" 45
"../../../../../MultiplayerGame/Content/Effects/Materials/water/M_Steam_SubUV.uasset" 46
"../../../../../MultiplayerGame/Content/Effects/ParticleSystems/Environment/P_beam_light.uasset" 47
"../../../Engine/Content/MapTemplates/daylight.uasset" 48
"../../../../../MultiplayerGame/Content/Effects/Materials/Gameplay/M_vehicle_master_vertexcolor.uasset" 49
"../../../../../MultiplayerGame/Content/Effects/Materials/Gameplay/M_vehicle_master.uasset" 50
"../../../../../MultiplayerGame/Content/Effects/Materials/Gameplay/M_vehicle_bottom.uasset" 51
"../../../../../MultiplayerGame/Content/Effects/Materials/Gameplay/M_vehicle_energy.uasset" 52
"../../../../../MultiplayerGame/Content/Effects/Materials/Gameplay/M_vehicle_glass.uasset" 53
"../../../../../MultiplayerGame/Content/Effects/Materials/Gameplay/M_vehicle_light.uasset" 54
"../../../../../MultiplayerGame/Content/Effects/Materials/Gameplay/M_vehicle_red_light.uasset" 55
"../../../../../MultiplayerGame/Content/Effects/Meshes/General/SM_flying_car_1.uasset" 56
"../../../../../MultiplayerGame/Content/Effects/Meshes/General/SM_flying_car_2.uasset" 57
"../../../../../MultiplayerGame/Content/Effects/Meshes/General/SM_flying_car_3.uasset" 58
"../../../../../MultiplayerGame/Content/Effects/Meshes/General/SM_flying_car_4.uasset" 59
"../../../../../MultiplayerGame/Content/Effects/ParticleSystems/Environment/P_cars_straight_line.uasset" 60
"../../../../../MultiplayerGame/Content/Effects/ParticleSystems/Environment/P_cars_turning.uasset" 61
"../../../../../MultiplayerGame/Content/Effects/ParticleSystems/Environment/P_cars_waving.uasset" 62
"../../../../../MultiplayerGame/Content/Effects/Textures/Air/T_cloud_1.uasset" 63
"../../../../../MultiplayerGame/Content/Effects/Textures/Air/T_soft_smoke.uasset" 64
"../../../../../MultiplayerGame/Content/Effects/Materials/Air/M_Cloud_1_particle.uasset" 65
"../../../../../MultiplayerGame/Content/Effects/Materials/Air/M_Cloud_1_particle_Inst.uasset" 66
"../../../../../MultiplayerGame/Content/Effects/ParticleSystems/Environment/P_clouds_1.uasset" 67
"../../../../../MultiplayerGame/Content/Effects/Textures/Air/T_cloud_2.uasset" 68
"../../../../../MultiplayerGame/Content/Effects/Materials/Air/M_Cloud_2_particle_Inst.uasset" 69
"../../../../../MultiplayerGame/Content/Effects/Materials/Air/M_Cloud_2_particle_Inst_2.uasset" 70
"../../../../../MultiplayerGame/Content/Effects/ParticleSystems/Environment/P_clouds_2.uasset" 71
"../../../../../MultiplayerGame/Content/Effects/ParticleSystems/Environment/P_clouds_2_brighter.uasset" 72
"../../../../../MultiplayerGame/Content/Effects/Materials/Air/M_cloud.uasset" 73
"../../../../../MultiplayerGame/Content/Effects/Materials/Air/MI_cloud_white_1.uasset" 74
"../../../../../MultiplayerGame/Content/Effects/Materials/Air/MI_cloud_white_2.uasset" 75
"../../../../../MultiplayerGame/Content/Effects/Textures/Air/T_cloud_4.uasset" 76
"../../../../../MultiplayerGame/Content/Effects/Materials/Air/MI_cloud_white_3.uasset" 77
"../../../../../MultiplayerGame/Content/Effects/ParticleSystems/Environment/P_clouds_highrise.uasset" 78
"../../../../../MultiplayerGame/Content/Effects/ParticleSystems/Environment/P_clouds_highrise_sky.uasset" 79
"../../../../../MultiplayerGame/Content/Effects/ParticleSystems/Environment/P_clouds_highrise_sky_single.uasset" 80
"../../../../../MultiplayerGame/Content/Effects/Textures/Noise/T_sparks_01.uasset" 81
"../../../../../MultiplayerGame/Content/Effects/Textures/Water/T_Caustics_2.uasset" 82
"../../../../../MultiplayerGame/Content/Effects/Materials/Air/M_dust_specs_sparkling.uasset" 83
"../../../../../MultiplayerGame/Content/Effects/ParticleSystems/Environment/P_dust_sparkles.uasset" 84
"../../../Engine/Content/EngineMaterials/WorldGridMaterial.uasset" 85
"../../../Engine/Content/Functions/Engine_MaterialFunctions01/Gradient/LinearGradient.uasset" 86
"../../../../../MultiplayerGame/Content/Effects/Materials/M_ramp.uasset" 87
"../../../../../MultiplayerGame/Content/Effects/Meshes/General/hologram_streak.uasset" 88
"../../../../../MultiplayerGame/Content/Effects/ParticleSystems/Environment/P_hologram.uasset" 89
"../../../../../MultiplayerGame/Content/Effects/Materials/Air/M_lightning.uasset" 90
"../../../../../MultiplayerGame/Content/Effects/Meshes/General/SM_lightning.uasset" 91
"../../../../../MultiplayerGame/Content/Effects/ParticleSystems/Environment/P_lightning_beam.uasset" 92
"../../../../../MultiplayerGame/Content/Effects/ParticleSystems/Environment/P_lightning_point.uasset" 93
"../../../../../MultiplayerGame/Content/Effects/Materials/Air/M_light_shaft_particle.uasset" 94
"../../../../../MultiplayerGame/Content/Effects/ParticleSystems/Environment/P_light_shafts.uasset" 95
"../../../../../MultiplayerGame/Content/Effects/ParticleSystems/Environment/P_Steam_falling.uasset" 96
"../../../../../MultiplayerGame/Content/Effects/ParticleSystems/Environment/P_Steam_falling_line.uasset" 97
"../../../../../MultiplayerGame/Content/Effects/ParticleSystems/Environment/P_waterfall_mist.uasset" 98
"../../../../../MultiplayerGame/Content/Effects/Materials/Gameplay/Pickups/M_PickUp_Master.uasset" 99
"../../../../../MultiplayerGame/Content/Effects/Meshes/Gameplay/Pickups/Ammo.uasset" 100
"../../../../../MultiplayerGame/Content/Effects/Meshes/General/S_Sphere.uasset" 101
"../../../../../MultiplayerGame/Content/Effects/ParticleSystems/Gameplay/Pick-ups/P_AssaultRifle_AMmo.uasset" 102
"../../../../../MultiplayerGame/Content/Effects/Meshes/Gameplay/Pickups/SM_Health.uasset" 103
"../../../../../MultiplayerGame/Content/Effects/ParticleSystems/Gameplay/Pick-ups/P_Health.uasset" 104
"../../../../../MultiplayerGame/Content/Effects/Meshes/Gameplay/Pickups/Launcher.uasset" 105
"../../../../../MultiplayerGame/Content/Effects/ParticleSystems/Gameplay/Pick-ups/P_Launcher_Ammo.uasset" 106
"../../../../../MultiplayerGame/Content/Effects/Textures/T_blood_various.uasset" 107
"../../../../../MultiplayerGame/Content/Effects/Textures/T_blood_various_N.uasset" 108
"../../../../../MultiplayerGame/Content/Effects/Materials/Gameplay/M_impact_splash_subUV.uasset" 109
"../../../../../MultiplayerGame/Content/Effects/ParticleSystems/Gameplay/Player/P_body_bullet_impact.uasset" 110
"../../../../../MultiplayerGame/Content/Effects/Textures/LensFlare/T_Lensflare_01.uasset" 111
"../../../../../MultiplayerGame/Content/Effects/Materials/LensFlare/M_Lensflare_01.uasset" 112
"../../../Engine/Content/Functions/Engine_MaterialFunctions01/Gradient/RadialGradient.uasset" 113
"../../../../../MultiplayerGame/Content/Effects/Materials/Ramp/M_SoftGradient_Muzzle.uasset" 114
"../../../../../MultiplayerGame/Content/Effects/Textures/Smoke/T_Clouds_01.uasset" 115
"../../../../../MultiplayerGame/Content/Effects/Textures/Smoke/T_SmokeBall_01_8_8.uasset" 116
"../../../../../MultiplayerGame/Content/Effects/Materials/Smoke/M_ImpactSmoke.uasset" 117
"../../../../../MultiplayerGame/Content/Effects/Materials/Smoke/M_SmokeBall.uasset" 118
"../../../../../MultiplayerGame/Content/Effects/Textures/Weapon/T_muzzle_flashes.uasset" 119
"../../../../../MultiplayerGame/Content/Effects/Materials/Weapon/M_muzzle_flash_subUV.uasset" 120
"../../../../../MultiplayerGame/Content/Effects/Textures/Mask/T_SquareMaskTightEdge.uasset" 121
"../../../../../MultiplayerGame/Content/Effects/Textures/Noise/T_TileNoise.uasset" 122
"../../../../../MultiplayerGame/Content/Effects/Materials/Weapon/M_MuzzleGlow.uasset" 123
"../../../../../MultiplayerGame/Content/Effects/Meshes/Weapon/SM_MuzzleCone.uasset" 124
"../../../../../MultiplayerGame/Content/Effects/ParticleSystems/Weapons/AssaultRifle/Muzzle/P_AssaultRifle_MF.uasset" 125
"../../../../../MultiplayerGame/Content/Effects/Textures/Ramp/T_FX_CameraDistort.uasset" 126
"../../../../../MultiplayerGame/Content/Effects/Textures/Ramp/T_FX_ColorDistort.uasset" 127
"../../../../../MultiplayerGame/Content/Effects/Materials/Weapon/M_WP_Linkgun_Connection.uasset" 128
"../../../../../MultiplayerGame/Content/Effects/Textures/Energy/T_EFX_Beam_Electricity_02.uasset" 129
"../../../../../MultiplayerGame/Content/Effects/Materials/Weapon/M_WP_ShockRifle_Panning_Beam.uasset" 130
"../../../../../MultiplayerGame/Content/Effects/ParticleSystems/Weapons/AssaultRifle/Muzzle/P_AssaultRifle_Trail.uasset" 131
"../../../../../MultiplayerGame/Content/Effects/Textures/Energy/T_EFX_Energy_Arc_SubUV.uasset" 132
"../../../../../MultiplayerGame/Content/Effects/Materials/Energy/M_Electrical.uasset" 133
"../../../../../MultiplayerGame/Content/Effects/Textures/Energy/T_EFX_Energy_Loop_Free.uasset" 134
"../../../../../MultiplayerGame/Content/Effects/Materials/Energy/M_WP_ShockRifle_Ring.uasset" 135
"../../../../../MultiplayerGame/Content/Effects/Textures/fire/T_explo_SubUV.uasset" 136
"../../../../../MultiplayerGame/Content/Effects/Materials/Explosion/M_explosion_subUV.uasset" 137
"../../../../../MultiplayerGame/Content/Effects/ParticleSystems/Weapons/RocketLauncher/Impact/P_Launcher_IH.uasset" 138
"../../../../../MultiplayerGame/Content/Effects/Textures/LensFlare/Flare_02.uasset" 139
"../../../../../MultiplayerGame/Content/Effects/Materials/LensFlare/M_LensFlare_02.uasset" 140
"../../../../../MultiplayerGame/Content/Effects/Textures/Noise/T_FX_RoilingFlameModulate.uasset" 141
"../../../../../MultiplayerGame/Content/Effects/Textures/Weapon/T_Coil.uasset" 142
"../../../../../MultiplayerGame/Content/Effects/Materials/Weapon/M_WP_LinkGun_MF_3_new.uasset" 143
"../../../../../MultiplayerGame/Content/Effects/ParticleSystems/Weapons/RocketLauncher/Muzzle/P_Launcher_MF.uasset" 144
"../../../../../MultiplayerGame/Content/Effects/Textures/Spark/T_SparkCore_2X2.uasset" 145
"../../../../../MultiplayerGame/Content/Effects/Materials/spark/M_spark_subUV.uasset" 146
"../../../../../MultiplayerGame/Content/Effects/ParticleSystems/Weapons/RocketLauncher/Muzzle/P_Launcher_proj.uasset" 147
"../../../../../MultiplayerGame/Content/FPS_Weapon_Bundle/Weapons/Textures/KA74U/T_KA74U_ALB.uasset" 148
"../../../../../MultiplayerGame/Content/FPS_Weapon_Bundle/Weapons/Textures/KA74U/T_KA74U_M_MSK.uasset" 149
"../../../../../MultiplayerGame/Content/FPS_Weapon_Bundle/Weapons/Textures/KA74U/T_KA74U_NRM.uasset" 150
"../../../../../MultiplayerGame/Content/FPS_Weapon_Bundle/Weapons/Textures/Patterns/T_Stripes__Pattern.uasset" 151
"../../../../../MultiplayerGame/Content/FPS_Weapon_Bundle/Weapons/Materials/Master_Material/M_Weapon_Master_USE.uasset" 152
"../../../../../MultiplayerGame/Content/FPS_Weapon_Bundle/Weapons/Textures/Accessories/T_V_Grip_ALB.uasset" 153
"../../../../../MultiplayerGame/Content/FPS_Weapon_Bundle/Weapons/Textures/Accessories/T_V_Grip_M_MSK.uasset" 154
"../../../../../MultiplayerGame/Content/FPS_Weapon_Bundle/Weapons/Textures/Accessories/T_V_Grip_NRM.uasset" 155
"../../../../../MultiplayerGame/Content/FPS_Weapon_Bundle/Weapons/Materials/Accessories/M_V_Grip.uasset" 156
"../../../../../MultiplayerGame/Content/FPS_Weapon_Bundle/Weapons/Materials/Accessories/M_V_Grip_Green.uasset" 157
"../../../../../MultiplayerGame/Content/FPS_Weapon_Bundle/Weapons/Textures/AR4/T_AR4_ALB.uasset" 158
"../../../../../MultiplayerGame/Content/FPS_Weapon_Bundle/Weapons/Textures/AR4/T_AR4_M_MSK.uasset" 159
"../../../../../MultiplayerGame/Content/FPS_Weapon_Bundle/Weapons/Textures/AR4/T_AR4_NRM.uasset" 160
"../../../../../MultiplayerGame/Content/FPS_Weapon_Bundle/Weapons/Textures/Patterns/T_Desert_Marpat_Pattern.uasset" 161
"../../../../../MultiplayerGame/Content/FPS_Weapon_Bundle/Weapons/Materials/AR4/M_AR4_Pattern.uasset" 162
"../../../../../MultiplayerGame/Content/FPS_Weapon_Bundle/Weapons/Textures/KA47/T_KA47_Gold_ALB.uasset" 163
"../../../../../MultiplayerGame/Content/FPS_Weapon_Bundle/Weapons/Textures/KA47/T_KA47_Gold_M_MSK.uasset" 164
"../../../../../MultiplayerGame/Content/FPS_Weapon_Bundle/Weapons/Textures/KA47/T_KA47_NRM.uasset" 165
"../../../../../MultiplayerGame/Content/FPS_Weapon_Bundle/Weapons/Materials/Ka47/M_KA47_Gold.uasset" 166
"../../../../../MultiplayerGame/Content/FPS_Weapon_Bundle/Weapons/Textures/KA47/T_KA47_ALB.uasset" 167
"../../../../../MultiplayerGame/Content/FPS_Weapon_Bundle/Weapons/Textures/KA47/T_KA47_M_MSK.uasset" 168
"../../../../../MultiplayerGame/Content/FPS_Weapon_Bundle/Weapons/Materials/Ka47/M_KA47.uasset" 169
"../../../../../MultiplayerGame/Content/FPS_Weapon_Bundle/Weapons/Materials/Ka47/M_KA47_Pattern.uasset" 170
"../../../../../MultiplayerGame/Content/FPS_Weapon_Bundle/Weapons/Materials/KA74U/M_KA74U.uasset" 171
"../../../../../MultiplayerGame/Content/FPS_Weapon_Bundle/Weapons/Textures/KA74U/T_KA74U_Gold_ALB.uasset" 172
"../../../../../MultiplayerGame/Content/FPS_Weapon_Bundle/Weapons/Textures/KA74U/T_KA74U_Gold_M_MSK.uasset" 173
"../../../../../MultiplayerGame/Content/FPS_Weapon_Bundle/Weapons/Materials/KA74U/M_KA74U_Gold.uasset" 174
"../../../../../MultiplayerGame/Content/FPS_Weapon_Bundle/Weapons/Textures/Patterns/T_LeafSpray_Pattern.uasset" 175
"../../../../../MultiplayerGame/Content/FPS_Weapon_Bundle/Weapons/Materials/KA74U/M_KA74U_LeafSpray.uasset" 176
"../../../../../MultiplayerGame/Content/FPS_Weapon_Bundle/Weapons/Textures/KA_Val/T_KA_Val_ALB.uasset" 177
"../../../../../MultiplayerGame/Content/FPS_Weapon_Bundle/Weapons/Textures/KA_Val/T_KA_Val_M_MSK.uasset" 178
"../../../../../MultiplayerGame/Content/FPS_Weapon_Bundle/Weapons/Textures/KA_Val/T_KA_Val_NRM.uasset" 179
"../../../../../MultiplayerGame/Content/FPS_Weapon_Bundle/Weapons/Materials/KA_Val/M_KA_Val.uasset" 180
"../../../../../MultiplayerGame/Content/FPS_Weapon_Bundle/Weapons/Textures/KA_Val/T_KA_Val_Black_ALB.uasset" 181
"../../../../../MultiplayerGame/Content/FPS_Weapon_Bundle/Weapons/Materials/KA_Val/M_KA_Val_Black.uasset" 182
"../../../../../MultiplayerGame/Content/FPS_Weapon_Bundle/Weapons/Textures/Patterns/T_Wood_Marpat_Pattern.uasset" 183
"../../../../../MultiplayerGame/Content/FPS_Weapon_Bundle/Weapons/Materials/KA_Val/M_KA_Val_Black_Camo.uasset" 184
"../../../../../MultiplayerGame/Content/FPS_Weapon_Bundle/Weapons/Materials/KA_Val/M_KA_Val_Black_Striped.uasset" 185
"../../../../../MultiplayerGame/Content/FPS_Weapon_Bundle/Weapons/Textures/RDS/T_RDS_01.uasset" 186
"../../../../../MultiplayerGame/Content/FPS_Weapon_Bundle/Weapons/Materials/Master_Material/M_RDS_Master.uasset" 187
"../../../../../MultiplayerGame/Content/FPS_Weapon_Bundle/Weapons/Materials/RDS/M_RDS_01.uasset" 188
"../../../../../MultiplayerGame/Content/FPS_Weapon_Bundle/Weapons/Textures/RDS/T_RDS_02.uasset" 189
"../../../../../MultiplayerGame/Content/FPS_Weapon_Bundle/Weapons/Materials/RDS/M_RDS_02.uasset" 190
"../../../../../MultiplayerGame/Content/FPS_Weapon_Bundle/Weapons/Textures/RDS/T_RDS_03.uasset" 191
"../../../../../MultiplayerGame/Content/FPS_Weapon_Bundle/Weapons/Materials/RDS/M_RDS_03.uasset" 192
"../../../../../MultiplayerGame/Content/FPS_Weapon_Bundle/Weapons/Textures/SMG11/T_SMG11_ALB.uasset" 193
"../../../../../MultiplayerGame/Content/FPS_Weapon_Bundle/Weapons/Textures/SMG11/T_SMG11_M_MSK.uasset" 194
"../../../../../MultiplayerGame/Content/FPS_Weapon_Bundle/Weapons/Textures/SMG11/T_SMG11_NRM.uasset" 195
"../../../../../MultiplayerGame/Content/FPS_Weapon_Bundle/Weapons/Materials/SMG11/M_SMG11.uasset" 196
"../../../../../MultiplayerGame/Content/FPS_Weapon_Bundle/Weapons/Textures/Patterns/T_Urban_Marpat_Pattern.uasset" 197
"../../../../../MultiplayerGame/Content/FPS_Weapon_Bundle/Weapons/Materials/SMG11/M_SMG11_Camo.uasset" 198
"../../../../../MultiplayerGame/Content/FPS_Weapon_Bundle/Weapons/Materials/SMG11/M_SMG11_Color.uasset" 199
"../../../../../MultiplayerGame/Content/FPS_Weapon_Bundle/Weapons/Textures/Accessories/T_Scope_25x56_ALB.uasset" 200
"../../../../../MultiplayerGame/Content/FPS_Weapon_Bundle/Weapons/Textures/Accessories/T_Scope_25x56_M_MSK.uasset" 201
"../../../../../MultiplayerGame/Content/FPS_Weapon_Bundle/Weapons/Textures/Accessories/T_Scope_25x56_NRM.uasset" 202
"../../../../../MultiplayerGame/Content/FPS_Weapon_Bundle/Weapons/Materials/Accessories/M_Scope_25x56.uasset" 203
"../../../../../MultiplayerGame/Content/FPS_Weapon_Bundle/Weapons/Textures/Accessories/T_Scope_25x56_Lens_ALB.uasset" 204
"../../../../../MultiplayerGame/Content/FPS_Weapon_Bundle/Weapons/Textures/Accessories/T_Scope_25x56_Lens_M_MSK.uasset" 205
"../../../../../MultiplayerGame/Content/FPS_Weapon_Bundle/Weapons/Materials/Master_Material/M_Scope_Lens_MASTER.uasset" 206
"../../../../../MultiplayerGame/Content/FPS_Weapon_Bundle/Weapons/Materials/Accessories/M_Scope_25x56_Lens.uasset" 207
"../../../../../MultiplayerGame/Content/FPS_Weapon_Bundle/Weapons/Meshes/Accessories/SM_Scope_25x56_X.uasset" 208
"../../../../../MultiplayerGame/Content/FPS_Weapon_Bundle/Weapons/Textures/Ammunition/T_762x39_ALB.uasset" 209
"../../../../../MultiplayerGame/Content/FPS_Weapon_Bundle/Weapons/Textures/Ammunition/T_762x39_M_MSK.uasset" 210
"../../../../../MultiplayerGame/Content/FPS_Weapon_Bundle/Weapons/Textures/Ammunition/T_762x39_NRM.uasset" 211
"../../../../../MultiplayerGame/Content/FPS_Weapon_Bundle/Weapons/Materials/Ammunition/M_762x39_Empty.uasset" 212
"../../../../../MultiplayerGame/Content/FPS_Weapon_Bundle/Weapons/Materials/AR4/M_AR4.uasset" 213
"../../../../../MultiplayerGame/Content/FPS_Weapon_Bundle/Weapons/Meshes/AR4/SK_AR4_X_Physics.uasset" 214
"../../../../../MultiplayerGame/Content/FPS_Weapon_Bundle/Weapons/Meshes/AR4/SK_AR4_X_Skeleton.uasset" 215
"../../../../../MultiplayerGame/Content/FPS_Weapon_Bundle/Weapons/Meshes/AR4/SK_AR4_X.uasset" 216
"../../../../../MultiplayerGame/Content/FPS_Weapon_Bundle/Weapons/Meshes/AR4/SM_AR4.uasset" 217
"../../../../../MultiplayerGame/Content/FPS_Weapon_Bundle/Weapons/Meshes/AR4/SM_AR4_X.uasset" 218
"../../../../../MultiplayerGame/Content/FPS_Weapon_Bundle/Weapons/Textures/G67_Grenade/T_G67_ALB.uasset" 219
"../../../../../MultiplayerGame/Content/FPS_Weapon_Bundle/Weapons/Textures/G67_Grenade/T_G67_M_MSK.uasset" 220
"../../../../../MultiplayerGame/Content/FPS_Weapon_Bundle/Weapons/Textures/G67_Grenade/T_G67_NRM.uasset" 221
"../../../../../MultiplayerGame/Content/FPS_Weapon_Bundle/Weapons/Materials/G67_Grenade/M_G67.uasset" 222
"../../../../../MultiplayerGame/Content/FPS_Weapon_Bundle/Weapons/Meshes/G67_Grenade/SK_G67_Physics.uasset" 223
"../../../../../MultiplayerGame/Content/FPS_Weapon_Bundle/Weapons/Meshes/G67_Grenade/SK_G67_Skeleton.uasset" 224
"../../../../../MultiplayerGame/Content/FPS_Weapon_Bundle/Weapons/Meshes/G67_Grenade/SK_G67.uasset" 225
"../../../../../MultiplayerGame/Content/FPS_Weapon_Bundle/Weapons/Meshes/G67_Grenade/SM_G67.uasset" 226
"../../../../../MultiplayerGame/Content/FPS_Weapon_Bundle/Weapons/Meshes/G67_Grenade/SM_G67_Thrown.uasset" 227
"../../../../../MultiplayerGame/Content/FPS_Weapon_Bundle/Weapons/Meshes/G67_Grenade/SM_G67_X.uasset" 228
"../../../../../MultiplayerGame/Content/FPS_Weapon_Bundle/Weapons/Meshes/Ka47/SK_KA47_X_Physics.uasset" 229
"../../../../../MultiplayerGame/Content/FPS_Weapon_Bundle/Weapons/Meshes/Ka47/SK_KA47_X_Skeleton.uasset" 230
"../../../../../MultiplayerGame/Content/FPS_Weapon_Bundle/Weapons/Meshes/Ka47/SK_KA47_X.uasset" 231
"../../../../../MultiplayerGame/Content/FPS_Weapon_Bundle/Weapons/Meshes/Ka47/SM_KA47.uasset" 232
"../../../../../MultiplayerGame/Content/FPS_Weapon_Bundle/Weapons/Meshes/Ka47/SM_KA47_X.uasset" 233
"../../../../../MultiplayerGame/Content/FPS_Weapon_Bundle/Weapons/Meshes/KA74U/SK_KA74U_X_Physics.uasset" 234
"../../../../../MultiplayerGame/Content/FPS_Weapon_Bundle/Weapons/Meshes/KA74U/SK_KA74U_X_Skeleton.uasset" 235
"../../../../../MultiplayerGame/Content/FPS_Weapon_Bundle/Weapons/Meshes/KA74U/SK_KA74U_X.uasset" 236
"../../../../../MultiplayerGame/Content/FPS_Weapon_Bundle/Weapons/Meshes/KA74U/SM_KA74U_Mag_Empty_Y.uasset" 237
"../../../../../MultiplayerGame/Content/FPS_Weapon_Bundle/Weapons/Meshes/KA74U/SM_KA74U_Mag_Y.uasset" 238
"../../../../../MultiplayerGame/Content/FPS_Weapon_Bundle/Weapons/Meshes/KA74U/SM_KA74U_X.uasset" 239
"../../../../../MultiplayerGame/Content/FPS_Weapon_Bundle/Weapons/Meshes/KA74U/SM_KA74U_Y.uasset" 240
"../../../../../MultiplayerGame/Content/FPS_Weapon_Bundle/Weapons/Meshes/KA_Val/SK_KA_Val_X_Physics.uasset" 241
"../../../../../MultiplayerGame/Content/FPS_Weapon_Bundle/Weapons/Meshes/KA_Val/SK_KA_Val_X_Skeleton.uasset" 242
"../../../../../MultiplayerGame/Content/FPS_Weapon_Bundle/Weapons/Meshes/KA_Val/SK_KA_Val_X.uasset" 243
"../../../../../MultiplayerGame/Content/FPS_Weapon_Bundle/Weapons/Meshes/KA_Val/SM_KA_Val_Mag_X.uasset" 244
"../../../../../MultiplayerGame/Content/FPS_Weapon_Bundle/Weapons/Meshes/KA_Val/SM_KA_Val_X.uasset" 245
"../../../../../MultiplayerGame/Content/FPS_Weapon_Bundle/Weapons/Meshes/KA_Val/SM_KA_Val_Y.uasset" 246
"../../../../../MultiplayerGame/Content/FPS_Weapon_Bundle/Weapons/Textures/M9_Knife/T_M9_ALB.uasset" 247
"../../../../../MultiplayerGame/Content/FPS_Weapon_Bundle/Weapons/Textures/M9_Knife/T_M9_M_MSK.uasset" 248
"../../../../../MultiplayerGame/Content/FPS_Weapon_Bundle/Weapons/Textures/M9_Knife/T_M9_NRM.uasset" 249
"../../../../../MultiplayerGame/Content/FPS_Weapon_Bundle/Weapons/Materials/M9_Knife/M_M9_Knife.uasset" 250
"../../../../../MultiplayerGame/Content/FPS_Weapon_Bundle/Weapons/Meshes/M9_Knife/SK_M9_Knife_Physics.uasset" 251
"../../../../../MultiplayerGame/Content/FPS_Weapon_Bundle/Weapons/Meshes/M9_Knife/SK_M9_Knife_Skeleton.uasset" 252
"../../../../../MultiplayerGame/Content/FPS_Weapon_Bundle/Weapons/Meshes/M9_Knife/SK_M9_Knife.uasset" 253
"../../../../../MultiplayerGame/Content/FPS_Weapon_Bundle/Weapons/Meshes/M9_Knife/SM_M9_Knife.uasset" 254
"../../../../../MultiplayerGame/Content/FPS_Weapon_Bundle/Weapons/Meshes/M9_Knife/SM_M9_Knife_X.uasset" 255
"../../../../../MultiplayerGame/Content/FPS_Weapon_Bundle/Weapons/Textures/Ammunition/T_9mm_ALB.uasset" 256
"../../../../../MultiplayerGame/Content/FPS_Weapon_Bundle/Weapons/Textures/Ammunition/T_9mm_M_MSK.uasset" 257
"../../../../../MultiplayerGame/Content/FPS_Weapon_Bundle/Weapons/Textures/Ammunition/T_9mm_NRM.uasset" 258
"../../../../../MultiplayerGame/Content/FPS_Weapon_Bundle/Weapons/Materials/Ammunition/M_9mm.uasset" 259
"../../../../../MultiplayerGame/Content/FPS_Weapon_Bundle/Weapons/Textures/SMG11/T_SMG11_Rem_ALB.uasset" 260
"../../../../../MultiplayerGame/Content/FPS_Weapon_Bundle/Weapons/Textures/SMG11/T_SMG11_Rem_M_MSK.uasset" 261
"../../../../../MultiplayerGame/Content/FPS_Weapon_Bundle/Weapons/Textures/SMG11/T_SMG11_Rem_NRM.uasset" 262
"../../../../../MultiplayerGame/Content/FPS_Weapon_Bundle/Weapons/Materials/SMG11/M_SMG11_Rem.uasset" 263
"../../../../../MultiplayerGame/Content/FPS_Weapon_Bundle/Weapons/Meshes/SMG11/SK_SMG11_Nostock_X_Physics.uasset" 264
"../../../../../MultiplayerGame/Content/FPS_Weapon_Bundle/Weapons/Meshes/SMG11/SK_SMG11_Nostock_X_Skeleton.uasset" 265
"../../../../../MultiplayerGame/Content/FPS_Weapon_Bundle/Weapons/Meshes/SMG11/SK_SMG11_Nostock_X.uasset" 266
"../../../../../MultiplayerGame/Content/FPS_Weapon_Bundle/Weapons/Meshes/SMG11/SK_SMG11_X_Physics.uasset" 267
"../../../../../MultiplayerGame/Content/FPS_Weapon_Bundle/Weapons/Meshes/SMG11/SK_SMG11_X_Skeleton.uasset" 268
"../../../../../MultiplayerGame/Content/FPS_Weapon_Bundle/Weapons/Meshes/SMG11/SK_SMG11_X.uasset" 269
"../../../../../MultiplayerGame/Content/FPS_Weapon_Bundle/Weapons/Meshes/SMG11/SM_SMG11_Mag_Empty_Y.uasset" 270
"../../../../../MultiplayerGame/Content/FPS_Weapon_Bundle/Weapons/Meshes/SMG11/SM_SMG11_Nostock_X.uasset" 271
"../../../../../MultiplayerGame/Content/FPS_Weapon_Bundle/Weapons/Meshes/SMG11/SM_SMG11_Nostock_Y.uasset" 272
"../../../../../MultiplayerGame/Content/FPS_Weapon_Bundle/Weapons/Meshes/SMG11/SM_SMG11_X.uasset" 273
"../../../../../MultiplayerGame/Content/FPS_Weapon_Bundle/Weapons/Meshes/SMG11/SM_SMG11_Y.uasset" 274
"../../../../../MultiplayerGame/Content/FPS_Weapon_Bundle/Weapons/Textures/Patterns/T_80s_Pattern.uasset" 275
"../../../../../MultiplayerGame/Content/FPS_Weapon_Bundle/Weapons/Textures/Patterns/T_Chochip_Pattern.uasset" 276
"../../../../../MultiplayerGame/Content/FPS_Weapon_Bundle/Weapons/Textures/Patterns/T_Cracks_Pattern.uasset" 277
"../../../../../MultiplayerGame/Content/FPS_Weapon_Bundle/Weapons/Textures/Patterns/T_Hexagon_Glow_Pattern.uasset" 278
"../../../../../MultiplayerGame/Content/FPS_Weapon_Bundle/Weapons/Textures/Patterns/T_Hexagon_Pattern.uasset" 279
"../../../../../MultiplayerGame/Content/FPS_Weapon_Bundle/Weapons/Textures/Patterns/T_Ink_Pattern.uasset" 280
"../../../../../MultiplayerGame/Content/FPS_Weapon_Bundle/Weapons/Textures/Patterns/T_Net01_Pattern.uasset" 281
"../../../../../MultiplayerGame/Content/FPS_Weapon_Bundle/Weapons/Textures/Patterns/T_W90K_Pattern.uasset" 282
"../../../../../MultiplayerGame/Content/FPS_Weapon_Bundle/Weapons/Textures/Patterns/T_W90_Pattern.uasset" 283
"../../../Engine/Content/Functions/Engine_MaterialFunctions02/Utility/BlendAngleCorrectedNormals.uasset" 284
"../../../Engine/Content/Functions/MaterialLayerFunctions/MatLayerBlend_AO.uasset" 285
"../../../Engine/Content/Functions/MaterialLayerFunctions/MatLayerBlend_NormalBlend.uasset" 286
"../../../Engine/Content/Functions/MaterialLayerFunctions/MatLayerBlend_Simple.uasset" 287
"../../../../../MultiplayerGame/Content/UE4_Mannequin_Mobile/Materials/MaterialLayers/T_ML_Rubber_Blue_01_D.uasset" 288
"../../../../../MultiplayerGame/Content/UE4_Mannequin_Mobile/Materials/MaterialLayers/T_ML_Rubber_Blue_01_N.uasset" 289
"../../../../../MultiplayerGame/Content/UE4_Mannequin_Mobile/Materials/MaterialLayers/ML_GlossyBlack_Latex_UE4.uasset" 290
"../../../../../MultiplayerGame/Content/UE4_Mannequin_Mobile/Materials/MaterialLayers/ML_Plastic_Shiny_Beige.uasset" 291
"../../../../../MultiplayerGame/Content/UE4_Mannequin_Mobile/Textures/UE4_LOGO_CARD.uasset" 292
"../../../../../MultiplayerGame/Content/UE4_Mannequin_Mobile/Materials/MaterialLayers/ML_Plastic_Shiny_Beige_LOGO.uasset" 293
"../../../../../MultiplayerGame/Content/UE4_Mannequin_Mobile/Materials/MaterialLayers/T_ML_Aluminum01.uasset" 294
"../../../../../MultiplayerGame/Content/UE4_Mannequin_Mobile/Materials/MaterialLayers/T_ML_Aluminum01_N.uasset" 295
"../../../../../MultiplayerGame/Content/UE4_Mannequin_Mobile/Materials/MaterialLayers/ML_SoftMetal_UE4.uasset" 296
"../../../../../MultiplayerGame/Content/UE4_Mannequin_Mobile/Textures/T_UE4_Mannequin_Mobile_M.uasset" 297
"../../../../../MultiplayerGame/Content/UE4_Mannequin_Mobile/Textures/T_UE4_Mannequin_Mobile_N.uasset" 298
"../../../../../MultiplayerGame/Content/UE4_Mannequin_Mobile/Textures/T_UE4_Mannequin_Mobile_O.uasset" 299
"../../../../../MultiplayerGame/Content/UE4_Mannequin_Mobile/Materials/M_UE4Man_Body.uasset" 300
"../../../../../MultiplayerGame/Content/UE4_Mannequin_Mobile/Textures/UE4Man_Logo_N.uasset" 301
"../../../../../MultiplayerGame/Content/UE4_Mannequin_Mobile/Materials/M_UE4Man_ChestLogo.uasset" 302
"../../../../../MultiplayerGame/Content/UE4_Mannequin_Mobile/Mesh/SK_Mannequin_Mobile_PhysicsAsset.uasset" 303
"../../../../../MultiplayerGame/Content/UE4_Mannequin_Mobile/Mesh/SK_Mannequin_Mobile_Skeleton.uasset" 304
"../../../../../MultiplayerGame/Content/UE4_Mannequin_Mobile/Mesh/SK_Mannequin_Mobile.uasset" 305
"../../../../../MultiplayerGame/Content/WeaponEffects/GenericImpact/Flare_02.uasset" 306
"../../../../../MultiplayerGame/Content/WeaponEffects/GenericImpact/M_LensFlare_02.uasset" 307
"../../../../../MultiplayerGame/Content/WeaponEffects/GenericImpact/T_SparkCore_2X2.uasset" 308
"../../../../../MultiplayerGame/Content/WeaponEffects/GenericImpact/M_spark_subUV.uasset" 309
"../../../../../MultiplayerGame/Content/WeaponEffects/GenericImpact/P_RifleImpact.uasset" 310
"../../../Engine/Content/Animation/DefaultAnimCurveCompressionSettings.uasset" 311
"../../../Engine/Content/ArtTools/RenderToTexture/Meshes/S_1_Unit_Plane.uasset" 312
"../../../Engine/Content/BasicShapes/Cone.uasset" 313
"../../../Engine/Content/BasicShapes/Cylinder.uasset" 314
"../../../Engine/Content/BasicShapes/Plane.uasset" 315
"../../../Engine/Content/EditorLandscapeResources/DataLayer.uasset" 316
"../../../Engine/Content/EditorMaterials/GizmoMaterial.uasset" 317
"../../../Engine/Content/EditorMaterials/MAT_Groups_Toggle.uasset" 318
"../../../Engine/Content/EditorMaterials/MAT_Groups_Visibility.uasset" 319
"../../../Engine/Content/EditorMaterials/PreviewShadowIndicator.uasset" 320
"../../../Engine/Content/EditorMaterials/PreviewShadowIndicatorMaterial.uasset" 321
"../../../Engine/Content/EditorMaterials/MatineeGroups/MAT_ColorTrack.uasset" 322
"../../../Engine/Content/EditorMaterials/MatineeGroups/MAT_Groups_Anim.uasset" 323
"../../../Engine/Content/EditorMaterials/MatineeGroups/MAT_Groups_AudioMaster.uasset" 324
"../../../Engine/Content/EditorMaterials/MatineeGroups/MAT_Groups_Director.uasset" 325
"../../../Engine/Content/EditorMaterials/MatineeGroups/MAT_Groups_Event.uasset" 326
"../../../Engine/Content/EditorMaterials/MatineeGroups/MAT_Groups_Fade.uasset" 327
"../../../Engine/Content/EditorMaterials/MatineeGroups/MAT_Groups_Float.uasset" 328
"../../../Engine/Content/EditorMaterials/MatineeGroups/MAT_Groups_Move.uasset" 329
"../../../Engine/Content/EditorMaterials/MatineeGroups/MAT_Groups_Slomo.uasset" 330
"../../../Engine/Content/EditorMaterials/MatineeGroups/MAT_Groups_Sound.uasset" 331
"../../../Engine/Content/EditorMaterials/MatineeGroups/MAT_Groups_Vector.uasset" 332
"../../../Engine/Content/EditorMaterials/ParticleSystems/PSysThumbnail_NoImage.uasset" 333
"../../../Engine/Content/EditorMaterials/ParticleSystems/PSysThumbnail_OOD.uasset" 334
"../../../Engine/Content/EditorMaterials/Camera/CineMat.uasset" 335
"../../../Engine/Content/EditorMaterials/Camera/MI_CineMat_Rig.uasset" 336
"../../../Engine/Content/EditorMeshes/Camera/SM_CraneRig_Arm.uasset" 337
"../../../Engine/Content/EditorMeshes/Camera/SM_CraneRig_Base.uasset" 338
"../../../Engine/Content/EditorMeshes/Camera/SM_CraneRig_Body.uasset" 339
"../../../Engine/Content/EditorMeshes/Camera/SM_CraneRig_Mount.uasset" 340
"../../../Engine/Content/EditorMeshes/Camera/SM_RailRig_Mount.uasset" 341
"../../../Engine/Content/EditorMeshes/Camera/SM_RailRig_Track.uasset" 342
"../../../Engine/Content/EditorResources/BSPVertex.uasset" 343
"../../../Engine/Content/EditorResources/EmptyActor.uasset" 344
"../../../Engine/Content/EditorResources/S_Actor.uasset" 345
"../../../Engine/Content/EditorResources/S_Note.uasset" 346
"../../../Engine/Content/EditorResources/S_Solver.uasset" 347
"../../../Engine/Content/EditorResources/S_Trigger.uasset" 348
"../../../Engine/Content/EditorResources/LightIcons/S_LightError.uasset" 349
"../../../Engine/Content/EditorResources/SequenceRecorder/Countdown.uasset" 350
"../../../Engine/Content/EditorResources/SequenceRecorder/RecordingIndicator.uasset" 351
"../../../Engine/Content/EditorSounds/Notifications/CompileFailed.uasset" 352
"../../../Engine/Content/EditorSounds/Notifications/CompileFailed_Cue.uasset" 353
"../../../Engine/Content/EditorSounds/Notifications/CompileSuccess.uasset" 354
"../../../Engine/Content/EditorSounds/Notifications/CompileStart_Cue.uasset" 355
"../../../Engine/Content/EditorSounds/Notifications/CompileSuccess_Cue.uasset" 356
"../../../Engine/Content/EngineDamageTypes/DmgTypeBP_Environmental.uasset" 357
"../../../Engine/Content/EngineDebugMaterials/HeatmapGradient.uasset" 358
"../../../Engine/Content/EngineDebugMaterials/BoneWeightMaterial.uasset" 359
"../../../Engine/Content/EngineDebugMaterials/ClothMaterial.uasset" 360
"../../../Engine/Content/EngineDebugMaterials/ClothMaterial_WF.uasset" 361
"../../../Engine/Content/EngineDebugMaterials/DebugEditorMaterial.uasset" 362
"../../../Engine/Content/EngineDebugMaterials/DebugMeshMaterial.uasset" 363
"../../../Engine/Content/EngineDebugMaterials/GeomMaterial.uasset" 364
"../../../Engine/Content/EngineDebugMaterials/M_SimpleTranslucent.uasset" 365
"../../../Engine/Content/Functions/Engine_MaterialFunctions02/Utility/CameraDirectionVector.uasset" 366
"../../../Engine/Content/EngineDebugMaterials/VolumeToRender.uasset" 367
"../../../Engine/Content/EngineDebugMaterials/M_VolumeRenderSphereTracePP.uasset" 368
"../../../Engine/Content/EngineDebugMaterials/WireframeMaterial.uasset" 369
"../../../Engine/Content/EngineFonts/Faces/RobotoBold.uasset" 370
"../../../Engine/Content/EngineFonts/Faces/RobotoBoldItalic.uasset" 371
"../../../Engine/Content/EngineFonts/Faces/RobotoItalic.uasset" 372
"../../../Engine/Content/EngineFonts/Faces/RobotoLight.uasset" 373
"../../../Engine/Content/EngineFonts/Faces/RobotoRegular.uasset" 374
"../../../Engine/Content/EngineFonts/Roboto.uasset" 375
"../../../Engine/Content/EngineFonts/Faces/RobotoTiny.uasset" 376
"../../../Engine/Content/EngineFonts/RobotoTiny.uasset" 377
"../../../Engine/Content/EngineMaterials/BaseFlattenDiffuseMap.uasset" 378
"../../../Engine/Content/EngineMaterials/BaseFlattenEmissiveMap.uasset" 379
"../../../Engine/Content/EngineMaterials/BaseFlattenGrayscaleMap.uasset" 380
"../../../Engine/Content/EngineMaterials/BaseFlattenNormalMap.uasset" 381
"../../../Engine/Content/EngineMaterials/BaseFlattenMaterial.uasset" 382
"../../../Engine/Content/EngineMaterials/BlueNoise.uasset" 383
"../../../Engine/Content/EngineMaterials/DefaultBloomKernel.uasset" 384
"../../../Engine/Content/EngineMaterials/DefaultBokeh.uasset" 385
"../../../Engine/Content/EngineMaterials/DefaultDiffuse.uasset" 386
"../../../Engine/Content/EngineMaterials/DefaultDeferredDecalMaterial.uasset" 387
"../../../Engine/Content/EngineMaterials/DefaultLightFunctionMaterial.uasset" 388
"../../../Engine/Content/EngineMaterials/DefaultPhysicalMaterial.uasset" 389
"../../../Engine/Content/Functions/Engine_MaterialFunctions02/Utility/BreakOutFloat2Components.uasset" 390
"../../../Engine/Content/EngineMaterials/DefaultPostProcessMaterial.uasset" 391
"../../../Engine/Content/EngineFonts/RobotoDistanceField.uasset" 392
"../../../Engine/Content/EngineMaterials/DefaultTextMaterialOpaque.uasset" 393
"../../../Engine/Content/EngineMaterials/DefaultVirtualTextureMaterial.uasset" 394
"../../../Engine/Content/EngineMaterials/DefaultWhiteGrid.uasset" 395
"../../../Engine/Content/EngineMaterials/EditorBrushMaterial.uasset" 396
"../../../Engine/Content/EngineMaterials/DefaultWhiteGrid_Low.uasset" 397
"../../../Engine/Content/EngineMaterials/EmissiveMeshMaterial.uasset" 398
"../../../Engine/Content/EngineMaterials/Good64x64TilingNoiseHighFreq.uasset" 399
"../../../Engine/Content/EngineMaterials/MiniFont.uasset" 400
"../../../Engine/Content/EngineMaterials/InvalidLightmapSettings.uasset" 401
"../../../Engine/Content/EngineMaterials/M_InvalidLightmapSettings.uasset" 402
"../../../Engine/Content/Functions/Engine_MaterialFunctions02/WorldPositionOffset/CameraOffset.uasset" 403
"../../../Engine/Content/EngineMaterials/PhAT_JointLimitMaterial.uasset" 404
"../../../Engine/Content/EngineMaterials/PreintegratedSkinBRDF.uasset" 405
"../../../Engine/Content/EngineMaterials/RemoveSurfaceMaterial.uasset" 406
"../../../Engine/Content/EngineMaterials/WeightMapPlaceholderTexture.uasset" 407
"../../../Engine/Content/EngineResources/WhiteSquareTexture.uasset" 408
"../../../Engine/Content/EngineMaterials/Widget3DPassThrough.uasset" 409
"../../../Engine/Content/EngineMaterials/Widget3DPassThrough_Masked.uasset" 410
"../../../Engine/Content/EngineMaterials/Widget3DPassThrough_Opaque.uasset" 411
"../../../Engine/Content/EngineMaterials/Widget3DPassThrough_Masked_OneSided.uasset" 412
"../../../Engine/Content/EngineMaterials/Widget3DPassThrough_Opaque_OneSided.uasset" 413
"../../../Engine/Content/EngineMaterials/Widget3DPassThrough_Translucent.uasset" 414
"../../../Engine/Content/EngineMaterials/Widget3DPassThrough_Translucent_OneSided.uasset" 415
"../../../Engine/Content/EngineMeshes/Cylinder.uasset" 416
"../../../Engine/Content/EngineMeshes/Sphere.uasset" 417
"../../../Engine/Content/EngineResources/Black.uasset" 418
"../../../Engine/Content/EngineResources/DefaultTexture.uasset" 419
"../../../Engine/Content/EngineResources/DefaultTextureCube.uasset" 420
"../../../Engine/Content/EngineResources/DefaultVolumeTexture2D.uasset" 421
"../../../Engine/Content/EngineResources/DefaultVolumeTexture.uasset" 422
"../../../Engine/Content/EngineResources/GradientTexture0.uasset" 423
"../../../Engine/Content/EngineSounds/Master.uasset" 424
"../../../Engine/Content/Functions/Engine_MaterialFunctions01/Shading/ConvertFromDiffSpec.uasset" 425
"../../../Engine/Content/Functions/Engine_MaterialFunctions01/Shading/PowerToRoughness.uasset" 426
"../../../Engine/Content/Maps/Templates/Thumbnails/Default.uasset" 427
"../../../Engine/Content/Maps/Templates/Thumbnails/VR-Basic.uasset" 428
"../../../Engine/Content/MobileResources/T_MobileControls_texture.uasset" 429
"../../../Engine/Content/MobileResources/T_MobileMenu2.uasset" 430
"../../../Engine/Content/MobileResources/HUD/AnalogHat.uasset" 431
"../../../Engine/Content/MobileResources/HUD/VirtualJoystick_Background.uasset" 432
"../../../Engine/Content/MobileResources/HUD/VirtualJoystick_Thumb.uasset" 433
"../../../Engine/Content/MobileResources/HUD/DefaultVirtualJoysticks.uasset" 434
"../../../Engine/Content/MobileResources/HUD/LeftVirtualJoystickOnly.uasset" 435
"../../../Engine/Content/MobileResources/HUD/MobileHUDButton1_off.uasset" 436
"../../../Engine/Content/MobileResources/HUD/MobileHUDButton1_on.uasset" 437
"../../../Engine/Content/MobileResources/HUD/MobileHUDButton2_off.uasset" 438
"../../../Engine/Content/MobileResources/HUD/MobileHUDButton2_on.uasset" 439
"../../../Engine/Content/MobileResources/HUD/MobileHUDButton3.uasset" 440
"../../../Engine/Content/MobileResources/HUD/MobileHUDButtonFire.uasset" 441
"../../../Engine/Content/MobileResources/HUD/MobileHUDDirectionPad.uasset" 442
"../../../Engine/Content/MobileResources/HUD/MobileHUDDirectionPad2.uasset" 443
"../../../Engine/Content/MobileResources/HUD/MobileHUDDirectionPad3.uasset" 444
"../../../Engine/Content/MobileResources/HUD/MobileHUDDirectionStick.uasset" 445
"../../../Engine/Content/MobileResources/HUD/T_Castle_ThumbstickInner.uasset" 446
"../../../Engine/Content/MobileResources/HUD/T_Castle_ThumbstickOutter.uasset" 447
"../../../Engine/Content/Tutorial/ContentIntroCurve.uasset" 448
"../../../Engine/Content/Tutorial/Basics/LevelEditorAttract.uasset" 449
"../../../Engine/Content/VREditor/LaserPointer/VR_LaserPower_01.uasset" 450
"../../../Engine/Content/VREditor/TransformGizmo/TransformGizmoMaterial.uasset" 451
"../../../Engine/Content/VREditor/TransformGizmo/TranslucentTransformGizmoMaterial.uasset" 452
"../../../Engine/Content/VREditor/TransformGizmo/BoundingBoxCorner.uasset" 453
"../../../Engine/Content/VREditor/TransformGizmo/BoundingBoxEdge.uasset" 454
"../../../Engine/Content/VREditor/TransformGizmo/PlaneTranslationHandle.uasset" 455
"../../../Engine/Content/VREditor/TransformGizmo/Main.uasset" 456
"../../../Engine/Content/VREditor/TransformGizmo/Xray.uasset" 457
"../../../Engine/Content/VREditor/TransformGizmo/SM_Sequencer_Key.uasset" 458
"../../../Engine/Content/VREditor/TransformGizmo/SM_Sequencer_Node.uasset" 459
"../../Plugins/2D/Paper2D/Content/PlaceholderTextures/DummySpriteTexture.uasset" 460
"../../Plugins/2D/Paper2D/Content/DummySprite.uasset" 461
"../../Plugins/2D/Paper2D/Content/DefaultPaperTerrainMaterial.uasset" 462
"../../Plugins/2D/Paper2D/Content/DummySpriteTexture.uasset" 463
"../../Plugins/2D/Paper2D/Content/DefaultSpriteMaterial.uasset" 464
"../../Plugins/2D/Paper2D/Content/MaskedUnlitSpriteMaterial.uasset" 465
"../../Plugins/2D/Paper2D/Content/OpaqueUnlitSpriteMaterial.uasset" 466
"../../Plugins/Runtime/Oculus/OculusVR/Content/OculusMR_RenderTarget.uasset" 467
"../../../Engine/Content/Functions/Engine_MaterialFunctions02/Utility/BreakOutFloat4Components.uasset" 468
"../../../Engine/Content/Functions/Engine_MaterialFunctions02/Utility/MakeFloat2.uasset" 469
"../../../Engine/Content/Functions/Engine_MaterialFunctions02/Utility/MakeFloat3.uasset" 470
"../../Plugins/Runtime/Oculus/OculusVR/Content/Materials/OculusMR_ChromaKey.uasset" 471
"../../Plugins/Runtime/Oculus/OculusVR/Content/Materials/OculusMR_ChromaKey_Lit.uasset" 472
"../../Plugins/Runtime/Oculus/OculusVR/Content/Materials/OculusMR_OpaqueColoredMaterial.uasset" 473
"../../Plugins/Runtime/Oculus/OculusVR/Content/Materials/OculusMR_WhiteMaterial.uasset" 474
"../../../Engine/Content/EditorBlueprintResources/StandardMacros.uasset" 475
"../../../Engine/Content/EngineSky/C_Sky_Cloud_Color.uasset" 476
"../../../Engine/Content/EngineSky/C_Sky_Horizon_Color.uasset" 477
"../../../Engine/Content/EngineSky/C_Sky_Zenith_Color.uasset" 478
"../../../Engine/Content/EngineSky/T_Sky_Blue.uasset" 479
"../../../Engine/Content/EngineSky/T_Sky_Clouds_M.uasset" 480
"../../../Engine/Content/EngineSky/T_Sky_Stars.uasset" 481
"../../../Engine/Content/EngineSky/M_Sky_Panning_Clouds2.uasset" 482
"../../../Engine/Content/EngineSky/SM_SkySphere.uasset" 483
"../../../Engine/Content/EngineSky/BP_Sky_Sphere.uasset" 484
"../../../../../MultiplayerGame/Content/AnimStarterPack/Crouch_Idle_Rifle_Ironsights.uasset" 485
"../../../../../MultiplayerGame/Content/AnimStarterPack/Death_1.uasset" 486
"../../../../../MultiplayerGame/Content/AnimStarterPack/Idle_Rifle_Ironsights.uasset" 487
"../../../../../MultiplayerGame/Content/AnimStarterPack/Jump_From_Jog.uasset" 488
"../../../../../MultiplayerGame/Content/AnimStarterPack/Jump_From_Stand_Ironsights.uasset" 489
"../../../../../MultiplayerGame/Content/AnimStarterPack/Prone_Idle.uasset" 490
"../../../../../MultiplayerGame/Content/AnimStarterPack/Prone_To_Stand.uasset" 491
"../../../../../MultiplayerGame/Content/AnimStarterPack/Stand_To_Prone.uasset" 492
"../../../../../MultiplayerGame/Content/AnimStarterPack/Crouch_Walk_Bwd_Rifle_Ironsights.uasset" 493
"../../../../../MultiplayerGame/Content/AnimStarterPack/Crouch_Walk_Fwd_Rifle_Ironsights.uasset" 494
"../../../../../MultiplayerGame/Content/AnimStarterPack/Crouch_Walk_Lt_Rifle_Ironsights.uasset" 495
"../../../../../MultiplayerGame/Content/AnimStarterPack/Crouch_Walk_Rt_Rifle_Ironsights.uasset" 496
"../../../../../MultiplayerGame/Content/Crouch_BS.uasset" 497
"../../../../../MultiplayerGame/Content/AnimStarterPack/Jog_Bwd_Rifle.uasset" 498
"../../../../../MultiplayerGame/Content/AnimStarterPack/Jog_Fwd_Rifle.uasset" 499
"../../../../../MultiplayerGame/Content/AnimStarterPack/Jog_Lt_Rifle.uasset" 500
"../../../../../MultiplayerGame/Content/AnimStarterPack/Jog_Rt_Rifle.uasset" 501
"../../../../../MultiplayerGame/Content/Jog_BS.uasset" 502
"../../../../../MultiplayerGame/Content/AnimStarterPack/Walk_Bwd_Rifle_Ironsights.uasset" 503
"../../../../../MultiplayerGame/Content/AnimStarterPack/Walk_Fwd_Rifle_Ironsights.uasset" 504
"../../../../../MultiplayerGame/Content/AnimStarterPack/Walk_Lt_Rifle_Ironsights.uasset" 505
"../../../../../MultiplayerGame/Content/AnimStarterPack/Walk_Rt_Rifle_Ironsights.uasset" 506
"../../../../../MultiplayerGame/Content/Walk_BS.uasset" 507
"../../../../../MultiplayerGame/Content/MyAnimBlueprint.uasset" 508
"../../../../../MultiplayerGame/Content/Effects/Textures/Water/T_Steam_02_Packed.uasset" 509
"../../../../../MultiplayerGame/Content/Effects/Materials/Smoke/M_MuzzleSmokeDetail_GPU.uasset" 510
"../../../../../MultiplayerGame/Content/Effects/ParticleSystems/Weapons/AssaultRifle/Impacts/P_AssaultRifle_IH.uasset" 511
"../../../../../MultiplayerGame/Content/FPS_Weapon_Bundle/Weapons/Meshes/Ka47/SK_KA47_Physics.uasset" 512
"../../../../../MultiplayerGame/Content/FPS_Weapon_Bundle/Weapons/Meshes/Ka47/SK_KA47_Skeleton.uasset" 513
"../../../../../MultiplayerGame/Content/FPS_Weapon_Bundle/Weapons/Meshes/Ka47/SK_KA47.uasset" 514
"../../../../../MultiplayerGame/Content/WeaponEffects/BasicTracer/Beam.uasset" 515
"../../../../../MultiplayerGame/Content/WeaponEffects/BasicTracer/M_Beam.uasset" 516
"../../../../../MultiplayerGame/Content/WeaponEffects/BasicTracer/P_SmokeTrail.uasset" 517
"../../../../../MultiplayerGame/Content/WeaponEffects/Muzzle/MuzzleSmokeOne_1024_11x11.uasset" 518
"../../../../../MultiplayerGame/Content/WeaponEffects/Muzzle/MuzzleFlash_Master.uasset" 519
"../../../../../MultiplayerGame/Content/WeaponEffects/Muzzle/MuzzleFlash_Master_Inst.uasset" 520
"../../../../../MultiplayerGame/Content/WeaponEffects/Muzzle/MuzzleTwo_2048_6x6.uasset" 521
"../../../../../MultiplayerGame/Content/WeaponEffects/Muzzle/MuzzleFlash_Master_Inst_2.uasset" 522
"../../../../../MultiplayerGame/Content/WeaponEffects/Muzzle/P_Muzzle_Large.uasset" 523
"../../../../../MultiplayerGame/Content/BP_MyWeapon.uasset" 524
"../../../../../MultiplayerGame/Content/WBCrosshair.uasset" 525
"../../../../../MultiplayerGame/Content/AnimStarterPack/UE4_Mannequin/Materials/MaterialLayers/T_ML_Rubber_Blue_01_D.uasset" 526
"../../../../../MultiplayerGame/Content/AnimStarterPack/UE4_Mannequin/Materials/MaterialLayers/T_ML_Rubber_Blue_01_N.uasset" 527
"../../../../../MultiplayerGame/Content/AnimStarterPack/UE4_Mannequin/Materials/MaterialLayers/ML_GlossyBlack_Latex_UE4.uasset" 528
"../../../../../MultiplayerGame/Content/AnimStarterPack/UE4_Mannequin/Materials/MaterialLayers/ML_Plastic_Shiny_Beige.uasset" 529
"../../../../../MultiplayerGame/Content/AnimStarterPack/UE4_Mannequin/Textures/UE4_LOGO_CARD.uasset" 530
"../../../../../MultiplayerGame/Content/AnimStarterPack/UE4_Mannequin/Materials/MaterialLayers/ML_Plastic_Shiny_Beige_LOGO.uasset" 531
"../../../../../MultiplayerGame/Content/AnimStarterPack/UE4_Mannequin/Materials/MaterialLayers/T_ML_Aluminum01.uasset" 532
"../../../../../MultiplayerGame/Content/AnimStarterPack/UE4_Mannequin/Materials/MaterialLayers/T_ML_Aluminum01_N.uasset" 533
"../../../../../MultiplayerGame/Content/AnimStarterPack/UE4_Mannequin/Materials/MaterialLayers/ML_SoftMetal_UE4.uasset" 534
"../../../../../MultiplayerGame/Content/AnimStarterPack/UE4_Mannequin/Textures/UE4_Mannequin__normals.uasset" 535
"../../../../../MultiplayerGame/Content/AnimStarterPack/UE4_Mannequin/Textures/UE4_Mannequin_MAT_MASKA.uasset" 536
"../../../../../MultiplayerGame/Content/AnimStarterPack/UE4_Mannequin/Textures/UE4_Mannequin_occlusion_Mobile.uasset" 537
"../../../../../MultiplayerGame/Content/AnimStarterPack/UE4_Mannequin/Materials/M_UE4Man_Body.uasset" 538
"../../../../../MultiplayerGame/Content/AnimStarterPack/UE4_Mannequin/Textures/UE4Man_Logo_N.uasset" 539
"../../../../../MultiplayerGame/Content/AnimStarterPack/UE4_Mannequin/Materials/M_UE4Man_ChestLogo.uasset" 540
"../../../../../MultiplayerGame/Content/AnimStarterPack/UE4_Mannequin/Mesh/SK_Mannequin_PhysicsAsset.uasset" 541
"../../../../../MultiplayerGame/Content/AnimStarterPack/UE4_Mannequin/Mesh/SK_Mannequin.uasset" 542
"../../../../../MultiplayerGame/Content/BP_MyCharacter.uasset" 543
"../../../../../MultiplayerGame/Content/BP_MyGameMode.uasset" 544
"../../../../../MultiplayerGame/Content/NewMap_BuiltData.uasset" 545
"../../../Engine/Content/BasicShapes/Cube.uasset" 546
"../../../Engine/Content/MapTemplates/SM_Template_Map_Floor.uasset" 547
"../../../../../MultiplayerGame/Content/NewMap.umap" 548
"../../../../../MultiplayerGame/Content/AnimStarterPack/Crouch_Idle_Rifle_Hip.uasset" 549
"../../../../../MultiplayerGame/Content/AnimStarterPack/Equip_Pistol_Standing.uasset" 550
"../../../../../MultiplayerGame/Content/AnimStarterPack/Fire_Rifle_Ironsights.uasset" 551
"../../../../../MultiplayerGame/Content/AnimStarterPack/Hit_React_1.uasset" 552
"../../../../../MultiplayerGame/Content/AnimStarterPack/Hit_React_2.uasset" 553
"../../../../../MultiplayerGame/Content/AnimStarterPack/Hit_React_3.uasset" 554
"../../../../../MultiplayerGame/Content/AnimStarterPack/Idle_Rifle_Hip_Break1.uasset" 555
"../../../../../MultiplayerGame/Content/AnimStarterPack/Idle_Rifle_Hip_Break2.uasset" 556
"../../../../../MultiplayerGame/Content/AnimStarterPack/Reload_Rifle_Hip.uasset" 557
"../../../Engine/Content/TemplateResources/M_Template_Master.uasset" 558
"../../../Engine/Content/TemplateResources/MI_Template_BaseGray_03_Metal.uasset" 559
"../../../../../MultiplayerGame/Content/AnimStarterPack/Showcase.umap" 560
"../../../../../MultiplayerGame/Content/FPS_Weapon_Bundle/Weapons/Materials/Accessories/M_Scope_25x56_Lens_NoAlpha.uasset" 561
"../../../../../MultiplayerGame/Content/FPS_Weapon_Bundle/Weapons/Meshes/Accessories/SM_Scope_25x56_Y.uasset" 562
"../../../../../MultiplayerGame/Content/FPS_Weapon_Bundle/Weapons/Textures/Accessories/T_Suppressor5_ALB.uasset" 563
"../../../../../MultiplayerGame/Content/FPS_Weapon_Bundle/Weapons/Textures/Accessories/T_Suppressor5_M_MSK.uasset" 564
"../../../../../MultiplayerGame/Content/FPS_Weapon_Bundle/Weapons/Textures/Accessories/T_Suppressor5_NRM.uasset" 565
"../../../../../MultiplayerGame/Content/FPS_Weapon_Bundle/Weapons/Materials/Accessories/M_Suppressor5.uasset" 566
"../../../../../MultiplayerGame/Content/FPS_Weapon_Bundle/Weapons/Meshes/Accessories/SM_Suppressor5.uasset" 567
"../../../../../MultiplayerGame/Content/FPS_Weapon_Bundle/Weapons/Materials/RDS/M_RDS_Glass.uasset" 568
"../../../../../MultiplayerGame/Content/FPS_Weapon_Bundle/Weapons/Textures/Accessories/T_Tc4_ALB.uasset" 569
"../../../../../MultiplayerGame/Content/FPS_Weapon_Bundle/Weapons/Textures/Accessories/T_Tc4_M_MSK.uasset" 570
"../../../../../MultiplayerGame/Content/FPS_Weapon_Bundle/Weapons/Textures/Accessories/T_Tc4_NRM.uasset" 571
"../../../../../MultiplayerGame/Content/FPS_Weapon_Bundle/Weapons/Materials/Accessories/M_Tc4_Sight.uasset" 572
"../../../../../MultiplayerGame/Content/FPS_Weapon_Bundle/Weapons/Meshes/Accessories/SM_T4_Sight.uasset" 573
"../../../../../MultiplayerGame/Content/FPS_Weapon_Bundle/Weapons/Meshes/Accessories/SM_Vertgrip.uasset" 574
"../../../../../MultiplayerGame/Content/FPS_Weapon_Bundle/Weapons/Textures/Ammunition/T_12Gauge_ALB.uasset" 575
"../../../../../MultiplayerGame/Content/FPS_Weapon_Bundle/Weapons/Textures/Ammunition/T_12Gauge_M_MSK.uasset" 576
"../../../../../MultiplayerGame/Content/FPS_Weapon_Bundle/Weapons/Textures/Ammunition/T_12Gauge_NRM.uasset" 577
"../../../../../MultiplayerGame/Content/FPS_Weapon_Bundle/Weapons/Materials/Ammunition/M_Ammo_12gauge.uasset" 578
"../../../../../MultiplayerGame/Content/FPS_Weapon_Bundle/Weapons/Meshes/Ammunition/SM_Shell_12Gauge.uasset" 579
"../../../../../MultiplayerGame/Content/FPS_Weapon_Bundle/Weapons/Meshes/Ammunition/SM_Shell_12Gauge_Empty.uasset" 580
"../../../../../MultiplayerGame/Content/FPS_Weapon_Bundle/Weapons/Textures/Ammunition/T_40mm_Grenade_ALB.uasset" 581
"../../../../../MultiplayerGame/Content/FPS_Weapon_Bundle/Weapons/Textures/Ammunition/T_40mm_Grenade_M_MSK.uasset" 582
"../../../../../MultiplayerGame/Content/FPS_Weapon_Bundle/Weapons/Textures/Ammunition/T_40mm_Grenade_NRM.uasset" 583
"../../../../../MultiplayerGame/Content/FPS_Weapon_Bundle/Weapons/Materials/Ammunition/M_40mm_Grenade.uasset" 584
"../../../../../MultiplayerGame/Content/FPS_Weapon_Bundle/Weapons/Meshes/Ammunition/SM_Shell_40mm_G.uasset" 585
"../../../../../MultiplayerGame/Content/FPS_Weapon_Bundle/Weapons/Meshes/Ammunition/SM_Shell_40mm_G_Empty.uasset" 586
"../../../../../MultiplayerGame/Content/FPS_Weapon_Bundle/Weapons/Textures/Ammunition/T_45ap_ALB.uasset" 587
"../../../../../MultiplayerGame/Content/FPS_Weapon_Bundle/Weapons/Textures/Ammunition/T_45ap_M_MSK.uasset" 588
"../../../../../MultiplayerGame/Content/FPS_Weapon_Bundle/Weapons/Textures/Ammunition/T_45ap_NRM.uasset" 589
"../../../../../MultiplayerGame/Content/FPS_Weapon_Bundle/Weapons/Materials/Ammunition/M_45ap.uasset" 590
"../../../../../MultiplayerGame/Content/FPS_Weapon_Bundle/Weapons/Meshes/Ammunition/SM_Shell_45ap.uasset" 591
"../../../../../MultiplayerGame/Content/FPS_Weapon_Bundle/Weapons/Meshes/Ammunition/SM_Shell_45ap_Empty.uasset" 592
"../../../../../MultiplayerGame/Content/FPS_Weapon_Bundle/Weapons/Meshes/Ammunition/SM_Shell_545x39.uasset" 593
"../../../../../MultiplayerGame/Content/FPS_Weapon_Bundle/Weapons/Meshes/Ammunition/SM_Shell_545x39_Empty.uasset" 594
"../../../../../MultiplayerGame/Content/FPS_Weapon_Bundle/Weapons/Meshes/Ammunition/SM_Shell_556x45.uasset" 595
"../../../../../MultiplayerGame/Content/FPS_Weapon_Bundle/Weapons/Meshes/Ammunition/SM_Shell_556x45_Empty.uasset" 596
"../../../../../MultiplayerGame/Content/FPS_Weapon_Bundle/Weapons/Meshes/Ammunition/SM_Shell_762x39.uasset" 597
"../../../../../MultiplayerGame/Content/FPS_Weapon_Bundle/Weapons/Meshes/Ammunition/SM_Shell_762x39_Empty.uasset" 598
"../../../../../MultiplayerGame/Content/FPS_Weapon_Bundle/Weapons/Meshes/Ammunition/SM_Shell_762x51.uasset" 599
"../../../../../MultiplayerGame/Content/FPS_Weapon_Bundle/Weapons/Meshes/Ammunition/SM_Shell_762x51_Empty.uasset" 600
"../../../../../MultiplayerGame/Content/FPS_Weapon_Bundle/Weapons/Meshes/Ammunition/SM_Shell_9mm.uasset" 601
"../../../../../MultiplayerGame/Content/FPS_Weapon_Bundle/Weapons/Meshes/Ammunition/SM_Shell_9mm_Empty.uasset" 602
"../../../../../MultiplayerGame/Content/FPS_Weapon_Bundle/Weapons/Textures/Ammunition/T_9x18_ALB.uasset" 603
"../../../../../MultiplayerGame/Content/FPS_Weapon_Bundle/Weapons/Textures/Ammunition/T_9x18_M_MSK.uasset" 604
"../../../../../MultiplayerGame/Content/FPS_Weapon_Bundle/Weapons/Textures/Ammunition/T_9x18_NRM.uasset" 605
"../../../../../MultiplayerGame/Content/FPS_Weapon_Bundle/Weapons/Materials/Ammunition/M_9x18.uasset" 606
"../../../../../MultiplayerGame/Content/FPS_Weapon_Bundle/Weapons/Meshes/Ammunition/SM_Shell_9x18.uasset" 607
"../../../../../MultiplayerGame/Content/FPS_Weapon_Bundle/Weapons/Meshes/Ammunition/SM_Shell_9x18_Empty.uasset" 608
"../../../../../MultiplayerGame/Content/FPS_Weapon_Bundle/Weapons/Meshes/AR4/SK_AR4_Physics.uasset" 609
"../../../../../MultiplayerGame/Content/FPS_Weapon_Bundle/Weapons/Meshes/AR4/SK_AR4_Skeleton.uasset" 610
"../../../../../MultiplayerGame/Content/FPS_Weapon_Bundle/Weapons/Meshes/AR4/SK_AR4.uasset" 611
"../../../../../MultiplayerGame/Content/FPS_Weapon_Bundle/Weapons/Meshes/AR4/SM_AR4_Mag.uasset" 612
"../../../../../MultiplayerGame/Content/FPS_Weapon_Bundle/Weapons/Meshes/AR4/SM_AR4_Mag_Empty.uasset" 613
"../../../../../MultiplayerGame/Content/FPS_Weapon_Bundle/Weapons/Meshes/G67_Grenade/SK_G67_X_Physics.uasset" 614
"../../../../../MultiplayerGame/Content/FPS_Weapon_Bundle/Weapons/Meshes/G67_Grenade/SK_G67_X_Skeleton.uasset" 615
"../../../../../MultiplayerGame/Content/FPS_Weapon_Bundle/Weapons/Meshes/G67_Grenade/SK_G67_X.uasset" 616
"../../../../../MultiplayerGame/Content/FPS_Weapon_Bundle/Weapons/Meshes/Ka47/SM_KA47_Mag.uasset" 617
"../../../../../MultiplayerGame/Content/FPS_Weapon_Bundle/Weapons/Meshes/Ka47/SM_KA47_Mag_Empty.uasset" 618
"../../../../../MultiplayerGame/Content/FPS_Weapon_Bundle/Weapons/Meshes/KA74U/SK_KA74U_Y_Physics.uasset" 619
"../../../../../MultiplayerGame/Content/FPS_Weapon_Bundle/Weapons/Meshes/KA74U/SK_KA74U_Y_Skeleton.uasset" 620
"../../../../../MultiplayerGame/Content/FPS_Weapon_Bundle/Weapons/Meshes/KA74U/SK_KA74U_Y.uasset" 621
"../../../../../MultiplayerGame/Content/FPS_Weapon_Bundle/Weapons/Meshes/KA74U/SM_KA74U_Mag_Empty_X.uasset" 622
"../../../../../MultiplayerGame/Content/FPS_Weapon_Bundle/Weapons/Meshes/KA74U/SM_KA74U_Mag_X.uasset" 623
"../../../../../MultiplayerGame/Content/FPS_Weapon_Bundle/Weapons/Meshes/KA_Val/SK_KA_Val_Y_Physics.uasset" 624
"../../../../../MultiplayerGame/Content/FPS_Weapon_Bundle/Weapons/Meshes/KA_Val/SK_KA_Val_Y_Skeleton.uasset" 625
"../../../../../MultiplayerGame/Content/FPS_Weapon_Bundle/Weapons/Meshes/KA_Val/SK_KA_Val_Y.uasset" 626
"../../../../../MultiplayerGame/Content/FPS_Weapon_Bundle/Weapons/Meshes/KA_Val/SM_KA_Val_MAG_Loaded_Y.uasset" 627
"../../../../../MultiplayerGame/Content/FPS_Weapon_Bundle/Weapons/Meshes/KA_Val/SM_KA_Val_Mag_Y.uasset" 628
"../../../../../MultiplayerGame/Content/FPS_Weapon_Bundle/Weapons/Meshes/M9_Knife/SK_M9_Knife_X_Physics.uasset" 629
"../../../../../MultiplayerGame/Content/FPS_Weapon_Bundle/Weapons/Meshes/M9_Knife/SK_M9_Knife_X_Skeleton.uasset" 630
"../../../../../MultiplayerGame/Content/FPS_Weapon_Bundle/Weapons/Meshes/M9_Knife/SK_M9_Knife_X.uasset" 631
"../../../../../MultiplayerGame/Content/FPS_Weapon_Bundle/Weapons/Meshes/SMG11/SK_SMG11_Nostock_Y_Physics.uasset" 632
"../../../../../MultiplayerGame/Content/FPS_Weapon_Bundle/Weapons/Meshes/SMG11/SK_SMG11_Nostock_Y_Skeleton.uasset" 633
"../../../../../MultiplayerGame/Content/FPS_Weapon_Bundle/Weapons/Meshes/SMG11/SK_SMG11_Nostock_Y.uasset" 634
"../../../../../MultiplayerGame/Content/FPS_Weapon_Bundle/Weapons/Meshes/SMG11/SK_SMG11_Y_Physics.uasset" 635
"../../../../../MultiplayerGame/Content/FPS_Weapon_Bundle/Weapons/Meshes/SMG11/SK_SMG11_Y_Skeleton.uasset" 636
"../../../../../MultiplayerGame/Content/FPS_Weapon_Bundle/Weapons/Meshes/SMG11/SK_SMG11_Y.uasset" 637
"../../../../../MultiplayerGame/Content/FPS_Weapon_Bundle/Weapons/Meshes/SMG11/SM_SMG11_Mag_Empty_X.uasset" 638
"../../../../../MultiplayerGame/Content/FPS_Weapon_Bundle/Weapons/Meshes/SMG11/SM_SMG11_Mag_X.uasset" 639
"../../../../../MultiplayerGame/Content/FPS_Weapon_Bundle/Maps/Weapons_Showcase.umap" 640
"../../../Engine/Content/Maps/Entry_BuiltData.uasset" 641
"../../../Engine/Content/Maps/Entry.umap" 642
